<?xml version="1.0" encoding="UTF-8"?>
<!-- Generated by org.testng.reporters.JUnitReportReporter -->
<testsuite skipped="0" hostname="LAPTOP-0SCJ6J7A" name="pom.Test_actitime" tests="1" failures="0" timestamp="26 Jan 2022 04:40:54 GMT" time="3.054" errors="0">
  <testcase name="test" time="3.054" classname="pom.Test_actitime"/>
</testsuite> <!-- pom.Test_actitime -->
