<?xml version="1.0" encoding="UTF-8"?>
<!-- Generated by org.testng.reporters.JUnitReportReporter -->
<testsuite skipped="0" hostname="LAPTOP-0SCJ6J7A" name="testNG.Trail" tests="3" failures="0" timestamp="22 Jan 2022 09:15:39 GMT" time="0.001" errors="0">
  <testcase name="Test1" time="0.000" classname="testNG.Trail"/>
  <testcase name="Test" time="0.001" classname="testNG.Trail"/>
  <testcase name="Sample" time="0.000" classname="testNG.Trail"/>
</testsuite> <!-- testNG.Trail -->
