<?xml version="1.0" encoding="UTF-8"?>
<!-- Generated by org.testng.reporters.JUnitReportReporter -->
<testsuite skipped="1" hostname="LAPTOP-0SCJ6J7A" name="testNG.Skip_a_testcase" tests="3" failures="0" timestamp="22 Jan 2022 09:15:39 GMT" time="0.004" errors="0">
  <testcase name="sample" time="0.000" classname="testNG.Skip_a_testcase"/>
  <testcase name="test" time="0.004" classname="testNG.Skip_a_testcase"/>
  <testcase name="test1" classname="testNG.Skip_a_testcase">
    <skipped/>
  </testcase> <!-- test1 -->
</testsuite> <!-- testNG.Skip_a_testcase -->
