<?xml version="1.0" encoding="UTF-8"?>
<!-- Generated by org.testng.reporters.JUnitReportReporter -->
<testsuite skipped="0" hostname="LAPTOP-0SCJ6J7A" name="pom.Test_facebook" tests="1" failures="0" timestamp="26 Jan 2022 04:54:48 GMT" time="4.192" errors="0">
  <testcase name="test" time="4.192" classname="pom.Test_facebook"/>
</testsuite> <!-- pom.Test_facebook -->
