<?xml version="1.0" encoding="UTF-8"?>
<!-- Generated by org.testng.reporters.JUnitReportReporter -->
<testsuite skipped="0" hostname="LAPTOP-0SCJ6J7A" name="testNG.Hard_assert_case1" tests="1" failures="0" timestamp="22 Jan 2022 09:15:39 GMT" time="6.281" errors="0">
  <testcase name="test" time="6.281" classname="testNG.Hard_assert_case1"/>
</testsuite> <!-- testNG.Hard_assert_case1 -->
