<?xml version="1.0" encoding="UTF-8"?>
<!-- Generated by org.testng.reporters.JUnitReportReporter -->
<testsuite skipped="0" hostname="LAPTOP-0SCJ6J7A" name="testNG.Parallel__execution" tests="2" failures="0" timestamp="22 Jan 2022 13:10:10 GMT" time="17.149" errors="0">
  <testcase name="chrome" time="4.708" classname="testNG.Parallel__execution"/>
  <testcase name="firefox" time="12.441" classname="testNG.Parallel__execution"/>
</testsuite> <!-- testNG.Parallel__execution -->
