<?xml version="1.0" encoding="UTF-8"?>
<!-- Generated by org.testng.reporters.JUnitReportReporter -->
<testsuite skipped="0" hostname="LAPTOP-0SCJ6J7A" name="testNG.Dependency" tests="3" failures="0" timestamp="22 Jan 2022 09:15:39 GMT" time="0.016" errors="0">
  <testcase name="sample" time="0.000" classname="testNG.Dependency"/>
  <testcase name="test" time="0.016" classname="testNG.Dependency"/>
  <testcase name="test1" time="0.000" classname="testNG.Dependency"/>
</testsuite> <!-- testNG.Dependency -->
