<?xml version="1.0" encoding="UTF-8"?>
<!-- Generated by org.testng.reporters.JUnitReportReporter -->
<testsuite skipped="0" hostname="LAPTOP-0SCJ6J7A" name="testNG.Soft_assert_case2" tests="1" failures="0" timestamp="22 Jan 2022 09:15:39 GMT" time="4.620" errors="0">
  <testcase name="test" time="4.620" classname="testNG.Soft_assert_case2"/>
</testsuite> <!-- testNG.Soft_assert_case2 -->
